<?xml version="1.0" encoding="UTF-8"?>
<!-- Generated by org.testng.reporters.JUnitReportReporter -->
<testsuite hostname="DESKTOP-4LNU0HP" failures="0" tests="4" name="seleniumbasics.LoginTest" time="26.873" errors="0" timestamp="2026-02-03T11:56:35 IST" skipped="0">
  <testcase classname="seleniumbasics.LoginTest" name="verifyUserLoginWithValidUsernameAndInvalidPassword" time="5.106"/>
  <testcase classname="seleniumbasics.LoginTest" name="verifyUserLoginWithInvalidUsernameAndInvalidPassword" time="7.714"/>
  <testcase classname="seleniumbasics.LoginTest" name="verifyUserLoginWithValidUsernameAndValidPassword" time="8.750"/>
  <testcase classname="seleniumbasics.LoginTest" name="verifyUserLoginWithInvalidUsernameAndValidPassword" time="5.303"/>
</testsuite> <!-- seleniumbasics.LoginTest -->
