<?xml version="1.0" encoding="UTF-8"?>
<!-- Generated by org.testng.reporters.JUnitXMLReporter -->
<testsuite ignored="0" hostname="DESKTOP-4LNU0HP" failures="0" tests="3" name="Default test" time="16.905" errors="0" timestamp="2026-02-05T11:40:53 IST">
  <testcase classname="testscripts.ManageNewsTest" name="verifyUserIsAbleToAddANewNews" time="3.584"/>
  <testcase classname="testscripts.ManageNewsTest" name="verifyUserIsAbleToSearchNews" time="2.479"/>
  <testcase classname="testscripts.ManageNewsTest" name="verifyUserIsAbleToResetNews" time="3.413"/>
</testsuite> <!-- Default test -->
