<?xml version="1.0" encoding="UTF-8"?>
<!-- Generated by org.testng.reporters.JUnitXMLReporter -->
<testsuite ignored="0" hostname="DESKTOP-4LNU0HP" failures="0" tests="4" name="Default test" time="27.032" errors="0" timestamp="2026-02-03T11:56:34 IST">
  <testcase classname="seleniumbasics.LoginTest" name="verifyUserLoginWithInvalidUsernameAndInvalidPassword" time="3.565"/>
  <testcase classname="seleniumbasics.LoginTest" name="verifyUserLoginWithInvalidUsernameAndValidPassword" time="0.906"/>
  <testcase classname="seleniumbasics.LoginTest" name="verifyUserLoginWithValidUsernameAndInvalidPassword" time="1.486"/>
  <testcase classname="seleniumbasics.LoginTest" name="verifyUserLoginWithValidUsernameAndValidPassword" time="3.979"/>
</testsuite> <!-- Default test -->
