<?xml version="1.0" encoding="UTF-8"?>
<!-- Generated by org.testng.reporters.JUnitReportReporter -->
<testsuite hostname="DESKTOP-4LNU0HP" failures="0" tests="3" name="testscripts.LoginTest" time="14.399" errors="0" timestamp="2026-02-04T12:33:10 IST" skipped="0">
  <testcase classname="testscripts.LoginTest" name="verifyUserLoginWithValidUsernameAndInvalidPassword" time="7.064"/>
  <testcase classname="testscripts.LoginTest" name="verifyUserLoginWithInvalidUsernameAndValidPassword" time="2.596"/>
  <testcase classname="testscripts.LoginTest" name="verifyUserLoginWithInvalidUsernameAndInvalidPassword" time="4.739"/>
</testsuite> <!-- testscripts.LoginTest -->
