<?xml version="1.0" encoding="UTF-8"?>
<!-- Generated by org.testng.reporters.JUnitReportReporter -->
<testsuite hostname="DESKTOP-4LNU0HP" failures="0" tests="3" name="testscripts.ManageNewsTest" time="16.791" errors="0" timestamp="2026-02-05T11:40:53 IST" skipped="0">
  <testcase classname="testscripts.ManageNewsTest" name="verifyUserIsAbleToAddANewNews" time="6.190"/>
  <testcase classname="testscripts.ManageNewsTest" name="verifyUserIsAbleToSearchNews" time="4.526"/>
  <testcase classname="testscripts.ManageNewsTest" name="verifyUserIsAbleToResetNews" time="6.075"/>
</testsuite> <!-- testscripts.ManageNewsTest -->
