<?xml version="1.0" encoding="UTF-8"?>
<!-- Generated by org.testng.reporters.JUnitXMLReporter -->
<testsuite ignored="1" hostname="DESKTOP-4LNU0HP" failures="0" tests="3" name="Test" time="14.493" errors="0" timestamp="2026-02-04T12:33:10 IST">
  <testcase classname="testscripts.LoginTest" name="verifyUserLoginWithValidUsernameAndInvalidPassword" time="1.693"/>
  <testcase classname="testscripts.LoginTest" name="verifyUserLoginWithInvalidUsernameAndValidPassword" time="0.458"/>
  <testcase classname="testscripts.LoginTest" name="verifyUserLoginWithInvalidUsernameAndInvalidPassword" time="1.074"/>
  <testcase classname="testscripts.LoginTest" name="verifyUserLoginWithValidUsernameAndValidPassword" time="0.0">
    <ignored/>
  </testcase> <!-- verifyUserLoginWithValidUsernameAndValidPassword -->
</testsuite> <!-- Test -->
