<?xml version="1.0" encoding="UTF-8"?>
<testng-results ignored="0" total="4" passed="4" failed="0" skipped="0">
  <reporter-output>
  </reporter-output>
  <suite started-at="2026-02-03T16:53:28 IST" name="Default suite" finished-at="2026-02-03T16:53:44 IST" duration-ms="16451">
    <groups>
    </groups>
    <test started-at="2026-02-03T16:53:28 IST" name="Default test" finished-at="2026-02-03T16:53:44 IST" duration-ms="16451">
      <class name="testscripts.LoginTest">
        <test-method is-config="true" signature="intializeDriver()[pri:0, instance:testscripts.LoginTest@34a3d150]" started-at="2026-02-03T16:53:28 IST" name="intializeDriver" finished-at="2026-02-03T16:53:31 IST" duration-ms="2727" status="PASS">
          <reporter-output>
          </reporter-output>
        </test-method> <!-- intializeDriver -->
        <test-method signature="verifyUserLoginWithInvalidUsernameAndInvalidPassword()[pri:0, instance:testscripts.LoginTest@34a3d150]" started-at="2026-02-03T16:53:31 IST" name="verifyUserLoginWithInvalidUsernameAndInvalidPassword" finished-at="2026-02-03T16:53:34 IST" duration-ms="3041" status="PASS">
          <reporter-output>
          </reporter-output>
        </test-method> <!-- verifyUserLoginWithInvalidUsernameAndInvalidPassword -->
        <test-method is-config="true" signature="browserQuit()[pri:0, instance:testscripts.LoginTest@34a3d150]" started-at="2026-02-03T16:53:34 IST" name="browserQuit" finished-at="2026-02-03T16:53:34 IST" duration-ms="3" status="PASS">
          <reporter-output>
          </reporter-output>
        </test-method> <!-- browserQuit -->
        <test-method is-config="true" signature="intializeDriver()[pri:0, instance:testscripts.LoginTest@34a3d150]" started-at="2026-02-03T16:53:34 IST" name="intializeDriver" finished-at="2026-02-03T16:53:36 IST" duration-ms="2333" status="PASS">
          <reporter-output>
          </reporter-output>
        </test-method> <!-- intializeDriver -->
        <test-method signature="verifyUserLoginWithInvalidUsernameAndValidPassword()[pri:0, instance:testscripts.LoginTest@34a3d150]" started-at="2026-02-03T16:53:36 IST" name="verifyUserLoginWithInvalidUsernameAndValidPassword" finished-at="2026-02-03T16:53:37 IST" duration-ms="812" status="PASS">
          <reporter-output>
          </reporter-output>
        </test-method> <!-- verifyUserLoginWithInvalidUsernameAndValidPassword -->
        <test-method is-config="true" signature="browserQuit()[pri:0, instance:testscripts.LoginTest@34a3d150]" started-at="2026-02-03T16:53:37 IST" name="browserQuit" finished-at="2026-02-03T16:53:37 IST" duration-ms="2" status="PASS">
          <reporter-output>
          </reporter-output>
        </test-method> <!-- browserQuit -->
        <test-method is-config="true" signature="intializeDriver()[pri:0, instance:testscripts.LoginTest@34a3d150]" started-at="2026-02-03T16:53:37 IST" name="intializeDriver" finished-at="2026-02-03T16:53:39 IST" duration-ms="2389" status="PASS">
          <reporter-output>
          </reporter-output>
        </test-method> <!-- intializeDriver -->
        <test-method signature="verifyUserLoginWithValidUsernameAndInvalidPassword()[pri:0, instance:testscripts.LoginTest@34a3d150]" started-at="2026-02-03T16:53:39 IST" name="verifyUserLoginWithValidUsernameAndInvalidPassword" finished-at="2026-02-03T16:53:40 IST" duration-ms="846" status="PASS">
          <reporter-output>
          </reporter-output>
        </test-method> <!-- verifyUserLoginWithValidUsernameAndInvalidPassword -->
        <test-method is-config="true" signature="browserQuit()[pri:0, instance:testscripts.LoginTest@34a3d150]" started-at="2026-02-03T16:53:40 IST" name="browserQuit" finished-at="2026-02-03T16:53:40 IST" duration-ms="0" status="PASS">
          <reporter-output>
          </reporter-output>
        </test-method> <!-- browserQuit -->
        <test-method is-config="true" signature="intializeDriver()[pri:0, instance:testscripts.LoginTest@34a3d150]" started-at="2026-02-03T16:53:40 IST" name="intializeDriver" finished-at="2026-02-03T16:53:43 IST" duration-ms="2952" status="PASS">
          <reporter-output>
          </reporter-output>
        </test-method> <!-- intializeDriver -->
        <test-method signature="verifyUserLoginWithValidUsernameAndValidPassword()[pri:0, instance:testscripts.LoginTest@34a3d150]" started-at="2026-02-03T16:53:43 IST" name="verifyUserLoginWithValidUsernameAndValidPassword" finished-at="2026-02-03T16:53:44 IST" duration-ms="1247" status="PASS">
          <reporter-output>
          </reporter-output>
        </test-method> <!-- verifyUserLoginWithValidUsernameAndValidPassword -->
        <test-method is-config="true" signature="browserQuit()[pri:0, instance:testscripts.LoginTest@34a3d150]" started-at="2026-02-03T16:53:44 IST" name="browserQuit" finished-at="2026-02-03T16:53:44 IST" duration-ms="4" status="PASS">
          <reporter-output>
          </reporter-output>
        </test-method> <!-- browserQuit -->
      </class> <!-- testscripts.LoginTest -->
    </test> <!-- Default test -->
  </suite> <!-- Default suite -->
</testng-results>
