<?xml version="1.0" encoding="UTF-8"?>
<testng-results ignored="0" total="3" passed="3" failed="0" skipped="0">
  <reporter-output>
  </reporter-output>
  <suite started-at="2026-02-05T11:40:36 IST" name="Default suite" finished-at="2026-02-05T11:40:52 IST" duration-ms="16905">
    <groups>
    </groups>
    <test started-at="2026-02-05T11:40:36 IST" name="Default test" finished-at="2026-02-05T11:40:52 IST" duration-ms="16905">
      <class name="testscripts.ManageNewsTest">
        <test-method is-config="true" signature="intializeDriver()[pri:0, instance:testscripts.ManageNewsTest@4c371370]" started-at="2026-02-05T11:40:36 IST" name="intializeDriver" finished-at="2026-02-05T11:40:38 IST" duration-ms="2605" status="PASS">
          <reporter-output>
          </reporter-output>
        </test-method> <!-- intializeDriver -->
        <test-method signature="verifyUserIsAbleToAddANewNews()[pri:1, instance:testscripts.ManageNewsTest@4c371370]" started-at="2026-02-05T11:40:38 IST" name="verifyUserIsAbleToAddANewNews" description="Validating that a user is able to add new news" finished-at="2026-02-05T11:40:42 IST" duration-ms="3584" status="PASS">
          <reporter-output>
          </reporter-output>
        </test-method> <!-- verifyUserIsAbleToAddANewNews -->
        <test-method is-config="true" signature="browserQuit()[pri:0, instance:testscripts.ManageNewsTest@4c371370]" started-at="2026-02-05T11:40:42 IST" name="browserQuit" finished-at="2026-02-05T11:40:42 IST" duration-ms="1" status="PASS">
          <reporter-output>
          </reporter-output>
        </test-method> <!-- browserQuit -->
        <test-method is-config="true" signature="intializeDriver()[pri:0, instance:testscripts.ManageNewsTest@4c371370]" started-at="2026-02-05T11:40:42 IST" name="intializeDriver" finished-at="2026-02-05T11:40:44 IST" duration-ms="2046" status="PASS">
          <reporter-output>
          </reporter-output>
        </test-method> <!-- intializeDriver -->
        <test-method signature="verifyUserIsAbleToSearchNews()[pri:2, instance:testscripts.ManageNewsTest@4c371370]" started-at="2026-02-05T11:40:44 IST" name="verifyUserIsAbleToSearchNews" description="Validating that a user is search news" finished-at="2026-02-05T11:40:46 IST" duration-ms="2479" status="PASS">
          <reporter-output>
          </reporter-output>
        </test-method> <!-- verifyUserIsAbleToSearchNews -->
        <test-method is-config="true" signature="browserQuit()[pri:0, instance:testscripts.ManageNewsTest@4c371370]" started-at="2026-02-05T11:40:46 IST" name="browserQuit" finished-at="2026-02-05T11:40:46 IST" duration-ms="2" status="PASS">
          <reporter-output>
          </reporter-output>
        </test-method> <!-- browserQuit -->
        <test-method is-config="true" signature="intializeDriver()[pri:0, instance:testscripts.ManageNewsTest@4c371370]" started-at="2026-02-05T11:40:46 IST" name="intializeDriver" finished-at="2026-02-05T11:40:49 IST" duration-ms="2660" status="PASS">
          <reporter-output>
          </reporter-output>
        </test-method> <!-- intializeDriver -->
        <test-method signature="verifyUserIsAbleToResetNews()[pri:3, instance:testscripts.ManageNewsTest@4c371370]" started-at="2026-02-05T11:40:49 IST" name="verifyUserIsAbleToResetNews" description="Validating that a user is able to reset news" finished-at="2026-02-05T11:40:52 IST" duration-ms="3413" status="PASS">
          <reporter-output>
          </reporter-output>
        </test-method> <!-- verifyUserIsAbleToResetNews -->
        <test-method is-config="true" signature="browserQuit()[pri:0, instance:testscripts.ManageNewsTest@4c371370]" started-at="2026-02-05T11:40:52 IST" name="browserQuit" finished-at="2026-02-05T11:40:52 IST" duration-ms="1" status="PASS">
          <reporter-output>
          </reporter-output>
        </test-method> <!-- browserQuit -->
      </class> <!-- testscripts.ManageNewsTest -->
    </test> <!-- Default test -->
  </suite> <!-- Default suite -->
</testng-results>
